Using pre-set license
Built from '2021.3/staging' branch; Version is '2021.3.25f1 (68ef2c4f8861) revision 6876972'; Using compiler version '192829333'; Build Type 'Release'
OS: 'Windows 11  (10.0.22621) 64bit CoreSingleLanguage' Language: 'en' Physical Memory: 16205 MB
BatchMode: 1, IsHumanControllingUs: 0, StartBugReporterOnCrash: 0, Is64bit: 1, IsPro: 1

COMMAND LINE ARGUMENTS:
C:\Program Files\Unity\Hub\Editor\2021.3.25f1\Editor\Unity.exe
-adb2
-batchMode
-noUpm
-name
AssetImportWorker1
-projectPath
C:/Users/kumsu/Github Repo/Solitaire/Solitaire
-logFile
Logs/AssetImportWorker1.log
-srvPort
52656
Successfully changed project path to: C:/Users/kumsu/Github Repo/Solitaire/Solitaire
C:/Users/kumsu/Github Repo/Solitaire/Solitaire
[UnityMemory] Configuration Parameters - Can be set up in boot.config
    "memorysetup-bucket-allocator-granularity=16"
    "memorysetup-bucket-allocator-bucket-count=8"
    "memorysetup-bucket-allocator-block-size=33554432"
    "memorysetup-bucket-allocator-block-count=8"
    "memorysetup-main-allocator-block-size=16777216"
    "memorysetup-thread-allocator-block-size=16777216"
    "memorysetup-gfx-main-allocator-block-size=16777216"
    "memorysetup-gfx-thread-allocator-block-size=16777216"
    "memorysetup-cache-allocator-block-size=4194304"
    "memorysetup-typetree-allocator-block-size=2097152"
    "memorysetup-profiler-bucket-allocator-granularity=16"
    "memorysetup-profiler-bucket-allocator-bucket-count=8"
    "memorysetup-profiler-bucket-allocator-block-size=33554432"
    "memorysetup-profiler-bucket-allocator-block-count=8"
    "memorysetup-profiler-allocator-block-size=16777216"
    "memorysetup-profiler-editor-allocator-block-size=1048576"
    "memorysetup-temp-allocator-size-main=16777216"
    "memorysetup-job-temp-allocator-block-size=2097152"
    "memorysetup-job-temp-allocator-block-size-background=1048576"
    "memorysetup-job-temp-allocator-reduction-small-platforms=262144"
    "memorysetup-temp-allocator-size-background-worker=32768"
    "memorysetup-temp-allocator-size-job-worker=262144"
    "memorysetup-temp-allocator-size-preload-manager=33554432"
    "memorysetup-temp-allocator-size-nav-mesh-worker=65536"
    "memorysetup-temp-allocator-size-audio-worker=65536"
    "memorysetup-temp-allocator-size-cloud-worker=32768"
    "memorysetup-temp-allocator-size-gi-baking-worker=262144"
    "memorysetup-temp-allocator-size-gfx=262144"
Player connection [16776] Host "[IP] 192.168.29.166 [Port] 0 [Flags] 2 [Guid] 165638931 [EditorId] 165638931 [Version] 1048832 [Id] WindowsEditor(7,MSI) [Debug] 1 [PackageName] WindowsEditor [ProjectName] Editor" joined multi-casting on [225.0.0.222:54997]...

Player connection [16776] Host "[IP] 192.168.29.166 [Port] 0 [Flags] 2 [Guid] 165638931 [EditorId] 165638931 [Version] 1048832 [Id] WindowsEditor(7,MSI) [Debug] 1 [PackageName] WindowsEditor [ProjectName] Editor" joined alternative multi-casting on [225.0.0.222:34997]...

Refreshing native plugins compatible for Editor in 89.74 ms, found 4 plugins.
Preloading 0 native plugins for Editor in 0.00 ms.
Initialize engine version: 2021.3.25f1 (68ef2c4f8861)
[Subsystems] Discovering subsystems at path C:/Program Files/Unity/Hub/Editor/2021.3.25f1/Editor/Data/Resources/UnitySubsystems
[Subsystems] Discovering subsystems at path C:/Users/kumsu/Github Repo/Solitaire/Solitaire/Assets
GfxDevice: creating device client; threaded=0; jobified=0
Direct3D:
    Version:  Direct3D 11.0 [level 11.1]
    Renderer: NVIDIA GeForce RTX 3050 Laptop GPU (ID=0x25a2)
    Vendor:   NVIDIA
    VRAM:     3991 MB
    Driver:   30.0.15.1165
Initialize mono
Mono path[0] = 'C:/Program Files/Unity/Hub/Editor/2021.3.25f1/Editor/Data/Managed'
Mono path[1] = 'C:/Program Files/Unity/Hub/Editor/2021.3.25f1/Editor/Data/MonoBleedingEdge/lib/mono/unityjit-win32'
Mono config path = 'C:/Program Files/Unity/Hub/Editor/2021.3.25f1/Editor/Data/MonoBleedingEdge/etc'
Using monoOptions --debugger-agent=transport=dt_socket,embedding=1,server=y,suspend=n,address=127.0.0.1:56588
Begin MonoManager ReloadAssembly
Registering precompiled unity dll's ...
Register platform support module: C:/Program Files/Unity/Hub/Editor/2021.3.25f1/Editor/Data/PlaybackEngines/WindowsStandaloneSupport/UnityEditor.WindowsStandalone.Extensions.dll
Registered in 0.004532 seconds.
Native extension for WindowsStandalone target not found
Refreshing native plugins compatible for Editor in 84.73 ms, found 4 plugins.
Preloading 0 native plugins for Editor in 0.00 ms.
Mono: successfully reloaded assembly
- Completed reload, in  0.639 seconds
Domain Reload Profiling:
	ReloadAssembly (640ms)
		BeginReloadAssembly (86ms)
			ExecutionOrderSort (0ms)
			DisableScriptedObjects (0ms)
			BackupInstance (0ms)
			ReleaseScriptingObjects (0ms)
			CreateAndSetChildDomain (1ms)
		EndReloadAssembly (459ms)
			LoadAssemblies (82ms)
			RebuildTransferFunctionScriptingTraits (0ms)
			SetupTypeCache (111ms)
			ReleaseScriptCaches (0ms)
			RebuildScriptCaches (27ms)
			SetupLoadedEditorAssemblies (273ms)
				LogAssemblyErrors (0ms)
				InitializePlatformSupportModulesInManaged (7ms)
				SetLoadedEditorAssemblies (0ms)
				RefreshPlugins (85ms)
				BeforeProcessingInitializeOnLoad (2ms)
				ProcessInitializeOnLoadAttributes (135ms)
				ProcessInitializeOnLoadMethodAttributes (44ms)
				AfterProcessingInitializeOnLoad (0ms)
				EditorAssembliesLoaded (0ms)
			ExecutionOrderSort2 (0ms)
			AwakeInstancesAfterBackupRestoration (0ms)
Platform modules already initialized, skipping
Registering precompiled user dll's ...
Registered in 0.007102 seconds.
Begin MonoManager ReloadAssembly
Symbol file LoadedFromMemory doesn't match image C:\Users\kumsu\Github Repo\Solitaire\Solitaire\Library\PackageCache\com.unity.visualscripting@1.8.0\Editor\VisualScripting.Core\Dependencies\YamlDotNet\Unity.VisualScripting.YamlDotNet.dll
Symbol file LoadedFromMemory doesn't match image C:\Users\kumsu\Github Repo\Solitaire\Solitaire\Library\PackageCache\com.unity.visualscripting@1.8.0\Editor\VisualScripting.Core\Dependencies\DotNetZip\Unity.VisualScripting.IonicZip.dll
Native extension for WindowsStandalone target not found
Refreshing native plugins compatible for Editor in 120.09 ms, found 4 plugins.
Preloading 0 native plugins for Editor in 0.00 ms.
Mono: successfully reloaded assembly
- Completed reload, in  1.481 seconds
Domain Reload Profiling:
	ReloadAssembly (1482ms)
		BeginReloadAssembly (108ms)
			ExecutionOrderSort (0ms)
			DisableScriptedObjects (6ms)
			BackupInstance (0ms)
			ReleaseScriptingObjects (0ms)
			CreateAndSetChildDomain (18ms)
		EndReloadAssembly (1261ms)
			LoadAssemblies (88ms)
			RebuildTransferFunctionScriptingTraits (0ms)
			SetupTypeCache (341ms)
			ReleaseScriptCaches (1ms)
			RebuildScriptCaches (80ms)
			SetupLoadedEditorAssemblies (659ms)
				LogAssemblyErrors (0ms)
				InitializePlatformSupportModulesInManaged (7ms)
				SetLoadedEditorAssemblies (0ms)
				RefreshPlugins (120ms)
				BeforeProcessingInitializeOnLoad (134ms)
				ProcessInitializeOnLoadAttributes (333ms)
				ProcessInitializeOnLoadMethodAttributes (51ms)
				AfterProcessingInitializeOnLoad (13ms)
				EditorAssembliesLoaded (0ms)
			ExecutionOrderSort2 (0ms)
			AwakeInstancesAfterBackupRestoration (12ms)
Platform modules already initialized, skipping
========================================================================
Worker process is ready to serve import requests
Launched and connected shader compiler UnityShaderCompiler.exe after 0.08 seconds
Refreshing native plugins compatible for Editor in 0.98 ms, found 4 plugins.
Preloading 0 native plugins for Editor in 0.00 ms.
Unloading 3759 Unused Serialized files (Serialized files now loaded: 0)
Unloading 41 unused Assets / (229.1 KB). Loaded Objects now: 4220.
Memory consumption went from 146.0 MB to 145.8 MB.
Total: 4.081000 ms (FindLiveObjects: 0.344700 ms CreateObjectMapping: 0.306500 ms MarkObjects: 3.234700 ms  DeleteObjects: 0.194400 ms)

AssetImportParameters requested are different than current active one (requested -> active):
  custom:video-decoder-ogg-theora: a1e56fd34408186e4bbccfd4996cb3dc -> 
  custom:container-muxer-webm: aa71ff27fc2769a1b78a27578f13a17b -> 
  custom:container-demuxer-webm: 4f35f7cbe854078d1ac9338744f61a02 -> 
  custom:video-encoder-webm-vp8: eb34c28f22e8b96e1ab97ce403110664 -> 
  custom:audio-encoder-webm-vorbis: bf7c407c2cedff20999df2af8eb42d56 -> 
  custom:framework-win-MediaFoundation: 216162199b28c13a410421893ffa2e32 -> 
  custom:container-demuxer-ogg: 62fdf1f143b41e24485cea50d1cbac27 -> 
  custom:video-decoder-webm-vp8: 9c59270c3fd7afecdb556c50c9e8de78 -> 
  custom:audio-decoder-ogg-vorbis: bf7c407c2cedff20999df2af8eb42d56 -> 
========================================================================
Received Import Request.
  Time since last request: 958955.709459 seconds.
  path: Assets/Card/card back blue.png
  artifactKey: Guid(e6d95bcb85f28fe45bce0a5a5cd31caf) Importer(815301076,1909f56bfc062723c751e8b465ee728b)
Start importing Assets/Card/card back blue.png using Guid(e6d95bcb85f28fe45bce0a5a5cd31caf) Importer(815301076,1909f56bfc062723c751e8b465ee728b)  -> (artifact id: 'e783614992d4415d73db2fa4cd6761ea') in 0.207601 seconds 
========================================================================
Received Import Request.
  Time since last request: 183.750901 seconds.
  path: Assets/Card/Card.prefab
  artifactKey: Guid(4aaff1463e622da4eacc3bcb2d125c8b) Importer(815301076,1909f56bfc062723c751e8b465ee728b)
Start importing Assets/Card/Card.prefab using Guid(4aaff1463e622da4eacc3bcb2d125c8b) Importer(815301076,1909f56bfc062723c751e8b465ee728b)  -> (artifact id: '00091fbd1b2032c1f53e0b6781bad413') in 0.045446 seconds 
========================================================================
Received Prepare
Registering precompiled user dll's ...
Registered in 0.006417 seconds.
Begin MonoManager ReloadAssembly
Symbol file LoadedFromMemory doesn't match image C:\Users\kumsu\Github Repo\Solitaire\Solitaire\Library\PackageCache\com.unity.visualscripting@1.8.0\Editor\VisualScripting.Core\Dependencies\YamlDotNet\Unity.VisualScripting.YamlDotNet.dll
Symbol file LoadedFromMemory doesn't match image C:\Users\kumsu\Github Repo\Solitaire\Solitaire\Library\PackageCache\com.unity.visualscripting@1.8.0\Editor\VisualScripting.Core\Dependencies\DotNetZip\Unity.VisualScripting.IonicZip.dll
Native extension for WindowsStandalone target not found
Refreshing native plugins compatible for Editor in 0.83 ms, found 4 plugins.
Preloading 0 native plugins for Editor in 0.00 ms.
Mono: successfully reloaded assembly
- Completed reload, in  1.049 seconds
Domain Reload Profiling:
	ReloadAssembly (1050ms)
		BeginReloadAssembly (157ms)
			ExecutionOrderSort (0ms)
			DisableScriptedObjects (8ms)
			BackupInstance (0ms)
			ReleaseScriptingObjects (0ms)
			CreateAndSetChildDomain (37ms)
		EndReloadAssembly (780ms)
			LoadAssemblies (112ms)
			RebuildTransferFunctionScriptingTraits (0ms)
			SetupTypeCache (258ms)
			ReleaseScriptCaches (1ms)
			RebuildScriptCaches (52ms)
			SetupLoadedEditorAssemblies (327ms)
				LogAssemblyErrors (0ms)
				InitializePlatformSupportModulesInManaged (5ms)
				SetLoadedEditorAssemblies (0ms)
				RefreshPlugins (1ms)
				BeforeProcessingInitializeOnLoad (75ms)
				ProcessInitializeOnLoadAttributes (200ms)
				ProcessInitializeOnLoadMethodAttributes (38ms)
				AfterProcessingInitializeOnLoad (7ms)
				EditorAssembliesLoaded (0ms)
			ExecutionOrderSort2 (0ms)
			AwakeInstancesAfterBackupRestoration (7ms)
Platform modules already initialized, skipping
Refreshing native plugins compatible for Editor in 2.36 ms, found 4 plugins.
Preloading 0 native plugins for Editor in 0.00 ms.
Unloading 3741 Unused Serialized files (Serialized files now loaded: 0)
Unloading 28 unused Assets / (195.8 KB). Loaded Objects now: 4235.
Memory consumption went from 148.6 MB to 148.5 MB.
Total: 3.519400 ms (FindLiveObjects: 0.278000 ms CreateObjectMapping: 0.213300 ms MarkObjects: 2.876600 ms  DeleteObjects: 0.150700 ms)

AssetImportParameters requested are different than current active one (requested -> active):
  custom:video-decoder-ogg-theora: a1e56fd34408186e4bbccfd4996cb3dc -> 
  custom:container-muxer-webm: aa71ff27fc2769a1b78a27578f13a17b -> 
  custom:container-demuxer-webm: 4f35f7cbe854078d1ac9338744f61a02 -> 
  custom:video-encoder-webm-vp8: eb34c28f22e8b96e1ab97ce403110664 -> 
  custom:audio-encoder-webm-vorbis: bf7c407c2cedff20999df2af8eb42d56 -> 
  custom:framework-win-MediaFoundation: 216162199b28c13a410421893ffa2e32 -> 
  custom:container-demuxer-ogg: 62fdf1f143b41e24485cea50d1cbac27 -> 
  custom:video-decoder-webm-vp8: 9c59270c3fd7afecdb556c50c9e8de78 -> 
  custom:audio-decoder-ogg-vorbis: bf7c407c2cedff20999df2af8eb42d56 -> 
========================================================================
Received Prepare
Registering precompiled user dll's ...
Registered in 0.006694 seconds.
Begin MonoManager ReloadAssembly
Symbol file LoadedFromMemory doesn't match image C:\Users\kumsu\Github Repo\Solitaire\Solitaire\Library\PackageCache\com.unity.visualscripting@1.8.0\Editor\VisualScripting.Core\Dependencies\YamlDotNet\Unity.VisualScripting.YamlDotNet.dll
Symbol file LoadedFromMemory doesn't match image C:\Users\kumsu\Github Repo\Solitaire\Solitaire\Library\PackageCache\com.unity.visualscripting@1.8.0\Editor\VisualScripting.Core\Dependencies\DotNetZip\Unity.VisualScripting.IonicZip.dll
Native extension for WindowsStandalone target not found
Refreshing native plugins compatible for Editor in 0.60 ms, found 4 plugins.
Preloading 0 native plugins for Editor in 0.00 ms.
Mono: successfully reloaded assembly
- Completed reload, in  0.901 seconds
Domain Reload Profiling:
	ReloadAssembly (901ms)
		BeginReloadAssembly (125ms)
			ExecutionOrderSort (0ms)
			DisableScriptedObjects (7ms)
			BackupInstance (0ms)
			ReleaseScriptingObjects (0ms)
			CreateAndSetChildDomain (31ms)
		EndReloadAssembly (683ms)
			LoadAssemblies (87ms)
			RebuildTransferFunctionScriptingTraits (0ms)
			SetupTypeCache (211ms)
			ReleaseScriptCaches (1ms)
			RebuildScriptCaches (43ms)
			SetupLoadedEditorAssemblies (309ms)
				LogAssemblyErrors (0ms)
				InitializePlatformSupportModulesInManaged (5ms)
				SetLoadedEditorAssemblies (1ms)
				RefreshPlugins (1ms)
				BeforeProcessingInitializeOnLoad (64ms)
				ProcessInitializeOnLoadAttributes (200ms)
				ProcessInitializeOnLoadMethodAttributes (32ms)
				AfterProcessingInitializeOnLoad (7ms)
				EditorAssembliesLoaded (0ms)
			ExecutionOrderSort2 (0ms)
			AwakeInstancesAfterBackupRestoration (6ms)
Platform modules already initialized, skipping
Refreshing native plugins compatible for Editor in 2.43 ms, found 4 plugins.
Preloading 0 native plugins for Editor in 0.00 ms.
Unloading 3741 Unused Serialized files (Serialized files now loaded: 0)
Unloading 28 unused Assets / (195.7 KB). Loaded Objects now: 4238.
Memory consumption went from 148.7 MB to 148.5 MB.
Total: 2.988000 ms (FindLiveObjects: 0.251800 ms CreateObjectMapping: 0.180300 ms MarkObjects: 2.415200 ms  DeleteObjects: 0.139400 ms)

AssetImportParameters requested are different than current active one (requested -> active):
  custom:video-decoder-ogg-theora: a1e56fd34408186e4bbccfd4996cb3dc -> 
  custom:container-muxer-webm: aa71ff27fc2769a1b78a27578f13a17b -> 
  custom:container-demuxer-webm: 4f35f7cbe854078d1ac9338744f61a02 -> 
  custom:video-encoder-webm-vp8: eb34c28f22e8b96e1ab97ce403110664 -> 
  custom:audio-encoder-webm-vorbis: bf7c407c2cedff20999df2af8eb42d56 -> 
  custom:framework-win-MediaFoundation: 216162199b28c13a410421893ffa2e32 -> 
  custom:container-demuxer-ogg: 62fdf1f143b41e24485cea50d1cbac27 -> 
  custom:video-decoder-webm-vp8: 9c59270c3fd7afecdb556c50c9e8de78 -> 
  custom:audio-decoder-ogg-vorbis: bf7c407c2cedff20999df2af8eb42d56 -> 
========================================================================
Received Import Request.
  Time since last request: 282.285880 seconds.
  path: Assets/Card/PNG-cards-1.3/2_of_diamonds.png
  artifactKey: Guid(50d544da7851e394d87d78c86622a889) Importer(815301076,1909f56bfc062723c751e8b465ee728b)
Start importing Assets/Card/PNG-cards-1.3/2_of_diamonds.png using Guid(50d544da7851e394d87d78c86622a889) Importer(815301076,1909f56bfc062723c751e8b465ee728b)  -> (artifact id: '4b5c863878c61d98d00268b48c3d6161') in 0.158211 seconds 
========================================================================
Received Import Request.
  Time since last request: 0.000042 seconds.
  path: Assets/Card/PNG-cards-1.3/8_of_spades.png
  artifactKey: Guid(698f14c2f4d0805408378849ad57415e) Importer(815301076,1909f56bfc062723c751e8b465ee728b)
Start importing Assets/Card/PNG-cards-1.3/8_of_spades.png using Guid(698f14c2f4d0805408378849ad57415e) Importer(815301076,1909f56bfc062723c751e8b465ee728b)  -> (artifact id: 'c1e8f55bdcffcd71a78bf47a128af88a') in 0.050682 seconds 
========================================================================
Received Import Request.
  Time since last request: 0.000029 seconds.
  path: Assets/Card/PNG-cards-1.3/jack_of_hearts.png
  artifactKey: Guid(2cebed8c29fe77244b35e1383e89a9ae) Importer(815301076,1909f56bfc062723c751e8b465ee728b)
Start importing Assets/Card/PNG-cards-1.3/jack_of_hearts.png using Guid(2cebed8c29fe77244b35e1383e89a9ae) Importer(815301076,1909f56bfc062723c751e8b465ee728b)  -> (artifact id: 'fd6a662bcd3cf37983ea6fe53b702ac7') in 0.057744 seconds 
========================================================================
Received Import Request.
  Time since last request: 0.000025 seconds.
  path: Assets/Card/PNG-cards-1.3/ace_of_spades.png
  artifactKey: Guid(2d4ca333c7f796f4b818dec2639efbff) Importer(815301076,1909f56bfc062723c751e8b465ee728b)
Start importing Assets/Card/PNG-cards-1.3/ace_of_spades.png using Guid(2d4ca333c7f796f4b818dec2639efbff) Importer(815301076,1909f56bfc062723c751e8b465ee728b)  -> (artifact id: '8c1861576001b2f5aeb7290070426e43') in 0.054674 seconds 
========================================================================
Received Import Request.
  Time since last request: 0.000022 seconds.
  path: Assets/Card/PNG-cards-1.3/6_of_hearts.png
  artifactKey: Guid(e8497b045b1ab3342b42d534ea7f681e) Importer(815301076,1909f56bfc062723c751e8b465ee728b)
Start importing Assets/Card/PNG-cards-1.3/6_of_hearts.png using Guid(e8497b045b1ab3342b42d534ea7f681e) Importer(815301076,1909f56bfc062723c751e8b465ee728b)  -> (artifact id: '2ad831ac4769d2ff201301d10b7f186c') in 0.050776 seconds 
========================================================================
Received Import Request.
  Time since last request: 0.000023 seconds.
  path: Assets/Card/PNG-cards-1.3/3_of_spades.png
  artifactKey: Guid(d697e05b8f7233d48a16fa4a6525f859) Importer(815301076,1909f56bfc062723c751e8b465ee728b)
Start importing Assets/Card/PNG-cards-1.3/3_of_spades.png using Guid(d697e05b8f7233d48a16fa4a6525f859) Importer(815301076,1909f56bfc062723c751e8b465ee728b)  -> (artifact id: 'e4b6bbddb0148c68644f38aa63fd40ed') in 0.053744 seconds 
========================================================================
Received Import Request.
  Time since last request: 0.000029 seconds.
  path: Assets/Card/PNG-cards-1.3/black_joker.png
  artifactKey: Guid(f2cd3d9e3d884c84e85b35c6fe6cd0d3) Importer(815301076,1909f56bfc062723c751e8b465ee728b)
Start importing Assets/Card/PNG-cards-1.3/black_joker.png using Guid(f2cd3d9e3d884c84e85b35c6fe6cd0d3) Importer(815301076,1909f56bfc062723c751e8b465ee728b)  -> (artifact id: '69143b496a999a88fd4c5acccbd64f9d') in 0.057289 seconds 
========================================================================
Received Import Request.
  Time since last request: 0.000039 seconds.
  path: Assets/Card/PNG-cards-1.3/ace_of_diamonds.png
  artifactKey: Guid(59f6fc31969ab4547bd6f11c3a788e99) Importer(815301076,1909f56bfc062723c751e8b465ee728b)
Start importing Assets/Card/PNG-cards-1.3/ace_of_diamonds.png using Guid(59f6fc31969ab4547bd6f11c3a788e99) Importer(815301076,1909f56bfc062723c751e8b465ee728b)  -> (artifact id: 'e6de6b237e7f9681968d51e97ea28c53') in 0.053274 seconds 
========================================================================
Received Import Request.
  Time since last request: 0.000030 seconds.
  path: Assets/Card/PNG-cards-1.3/3_of_diamonds.png
  artifactKey: Guid(d0313c487a72c3c459260fb30b395c9e) Importer(815301076,1909f56bfc062723c751e8b465ee728b)
Start importing Assets/Card/PNG-cards-1.3/3_of_diamonds.png using Guid(d0313c487a72c3c459260fb30b395c9e) Importer(815301076,1909f56bfc062723c751e8b465ee728b)  -> (artifact id: '2ffa8c66aefea94ff2e95018c8ef540b') in 0.051128 seconds 
========================================================================
Received Import Request.
  Time since last request: 0.000030 seconds.
  path: Assets/Card/PNG-cards-1.3/2_of_spades.png
  artifactKey: Guid(fe44d748f02614045ad959b68028f10f) Importer(815301076,1909f56bfc062723c751e8b465ee728b)
Start importing Assets/Card/PNG-cards-1.3/2_of_spades.png using Guid(fe44d748f02614045ad959b68028f10f) Importer(815301076,1909f56bfc062723c751e8b465ee728b)  -> (artifact id: 'ca1c1cdfe3e0b1a5a4ce8bdd4d54ef07') in 0.048402 seconds 
========================================================================
Received Import Request.
  Time since last request: 0.000039 seconds.
  path: Assets/Card/PNG-cards-1.3/10_of_clubs.png
  artifactKey: Guid(6f5c60e10c43c4646b158c78b6fdb80a) Importer(815301076,1909f56bfc062723c751e8b465ee728b)
Start importing Assets/Card/PNG-cards-1.3/10_of_clubs.png using Guid(6f5c60e10c43c4646b158c78b6fdb80a) Importer(815301076,1909f56bfc062723c751e8b465ee728b)  -> (artifact id: 'f2fbadd85a6a3680d5d81c5073dd61db') in 0.044394 seconds 
========================================================================
Received Import Request.
  Time since last request: 0.000027 seconds.
  path: Assets/Card/PNG-cards-1.3/10_of_hearts.png
  artifactKey: Guid(a920168b9d5a3464d8201754734a3fbb) Importer(815301076,1909f56bfc062723c751e8b465ee728b)
Start importing Assets/Card/PNG-cards-1.3/10_of_hearts.png using Guid(a920168b9d5a3464d8201754734a3fbb) Importer(815301076,1909f56bfc062723c751e8b465ee728b)  -> (artifact id: '2ceaaf378e0bc29fa074a5bd3db98c69') in 0.054068 seconds 
========================================================================
Received Import Request.
  Time since last request: 0.000042 seconds.
  path: Assets/Card/PNG-cards-1.3/9_of_hearts.png
  artifactKey: Guid(e3c134aa3d28b4e4c985fbf9101c3409) Importer(815301076,1909f56bfc062723c751e8b465ee728b)
Start importing Assets/Card/PNG-cards-1.3/9_of_hearts.png using Guid(e3c134aa3d28b4e4c985fbf9101c3409) Importer(815301076,1909f56bfc062723c751e8b465ee728b)  -> (artifact id: '9153ebf96d50a9b408c6f2ada3c04015') in 0.049737 seconds 
========================================================================
Received Import Request.
  Time since last request: 0.000025 seconds.
  path: Assets/Card/PNG-cards-1.3/ace_of_spades2.png
  artifactKey: Guid(7fb9b5610d741ab4aaf10c7062568e8f) Importer(815301076,1909f56bfc062723c751e8b465ee728b)
Start importing Assets/Card/PNG-cards-1.3/ace_of_spades2.png using Guid(7fb9b5610d741ab4aaf10c7062568e8f) Importer(815301076,1909f56bfc062723c751e8b465ee728b)  -> (artifact id: '540a48a64b85a5461cdba855d34560f2') in 0.049167 seconds 
========================================================================
Received Import Request.
  Time since last request: 0.000037 seconds.
  path: Assets/Card/PNG-cards-1.3/4_of_clubs.png
  artifactKey: Guid(5d6a5d9b4a5fdfe45884fbc954b1ef31) Importer(815301076,1909f56bfc062723c751e8b465ee728b)
Start importing Assets/Card/PNG-cards-1.3/4_of_clubs.png using Guid(5d6a5d9b4a5fdfe45884fbc954b1ef31) Importer(815301076,1909f56bfc062723c751e8b465ee728b)  -> (artifact id: '7e59295f09ab631577458a443ccf5c56') in 0.044735 seconds 
========================================================================
Received Import Request.
  Time since last request: 0.000035 seconds.
  path: Assets/Card/PNG-cards-1.3/jack_of_hearts2.png
  artifactKey: Guid(a7587204c10ea794392bcfcf6247acc3) Importer(815301076,1909f56bfc062723c751e8b465ee728b)
Start importing Assets/Card/PNG-cards-1.3/jack_of_hearts2.png using Guid(a7587204c10ea794392bcfcf6247acc3) Importer(815301076,1909f56bfc062723c751e8b465ee728b)  -> (artifact id: '73e719632ef4bded17ff95239a4911c3') in 0.067184 seconds 
========================================================================
Received Import Request.
  Time since last request: 0.000045 seconds.
  path: Assets/Card/PNG-cards-1.3/8_of_diamonds.png
  artifactKey: Guid(88a6b697bbade9a4dbbddd357a7ff32e) Importer(815301076,1909f56bfc062723c751e8b465ee728b)
Start importing Assets/Card/PNG-cards-1.3/8_of_diamonds.png using Guid(88a6b697bbade9a4dbbddd357a7ff32e) Importer(815301076,1909f56bfc062723c751e8b465ee728b)  -> (artifact id: 'dbaf5d81d74262da9e90ad631044f41f') in 0.050485 seconds 
========================================================================
Received Import Request.
  Time since last request: 0.000051 seconds.
  path: Assets/Card/PNG-cards-1.3/jack_of_diamonds2.png
  artifactKey: Guid(92953c3ce98874048abf3104790e4132) Importer(815301076,1909f56bfc062723c751e8b465ee728b)
Start importing Assets/Card/PNG-cards-1.3/jack_of_diamonds2.png using Guid(92953c3ce98874048abf3104790e4132) Importer(815301076,1909f56bfc062723c751e8b465ee728b)  -> (artifact id: '5604e6930647db9a05f68e4a4719417e') in 0.063319 seconds 
========================================================================
Received Import Request.
  Time since last request: 0.000036 seconds.
  path: Assets/Card/PNG-cards-1.3/2_of_hearts.png
  artifactKey: Guid(0d05b1cee06e4574193087da8ea47d07) Importer(815301076,1909f56bfc062723c751e8b465ee728b)
Start importing Assets/Card/PNG-cards-1.3/2_of_hearts.png using Guid(0d05b1cee06e4574193087da8ea47d07) Importer(815301076,1909f56bfc062723c751e8b465ee728b)  -> (artifact id: '4667cbdbd40792df2642bf0334b080fe') in 0.049306 seconds 
========================================================================
Received Import Request.
  Time since last request: 0.000043 seconds.
  path: Assets/Card/PNG-cards-1.3/3_of_clubs.png
  artifactKey: Guid(ae847bcb49d2de64c8610d0261e2ed99) Importer(815301076,1909f56bfc062723c751e8b465ee728b)
Start importing Assets/Card/PNG-cards-1.3/3_of_clubs.png using Guid(ae847bcb49d2de64c8610d0261e2ed99) Importer(815301076,1909f56bfc062723c751e8b465ee728b)  -> (artifact id: '4d10274bb6b39a780deaa416d63f24e7') in 0.049897 seconds 
========================================================================
Received Import Request.
  Time since last request: 0.000022 seconds.
  path: Assets/Card/PNG-cards-1.3/4_of_spades.png
  artifactKey: Guid(83824ad58792e154eb122cd4cc7eda78) Importer(815301076,1909f56bfc062723c751e8b465ee728b)
Start importing Assets/Card/PNG-cards-1.3/4_of_spades.png using Guid(83824ad58792e154eb122cd4cc7eda78) Importer(815301076,1909f56bfc062723c751e8b465ee728b)  -> (artifact id: 'fc64d5a75f91f2a3d23569c4f07242ea') in 0.047175 seconds 
========================================================================
Received Import Request.
  Time since last request: 0.000030 seconds.
  path: Assets/Card/PNG-cards-1.3/ace_of_hearts.png
  artifactKey: Guid(c99121db17eee4144ad6f9a39f7d4099) Importer(815301076,1909f56bfc062723c751e8b465ee728b)
Start importing Assets/Card/PNG-cards-1.3/ace_of_hearts.png using Guid(c99121db17eee4144ad6f9a39f7d4099) Importer(815301076,1909f56bfc062723c751e8b465ee728b)  -> (artifact id: 'dfdf8752b6286a8f02fc832236724f99') in 0.049689 seconds 
========================================================================
Received Import Request.
  Time since last request: 0.000052 seconds.
  path: Assets/Card/PNG-cards-1.3/jack_of_diamonds.png
  artifactKey: Guid(dc89d8519ed3cba458bce000da0b49e8) Importer(815301076,1909f56bfc062723c751e8b465ee728b)
Start importing Assets/Card/PNG-cards-1.3/jack_of_diamonds.png using Guid(dc89d8519ed3cba458bce000da0b49e8) Importer(815301076,1909f56bfc062723c751e8b465ee728b)  -> (artifact id: 'a5f97641a752339716ce319cfd88ef24') in 0.044420 seconds 
========================================================================
Received Import Request.
  Time since last request: 0.000027 seconds.
  path: Assets/Card/PNG-cards-1.3/3_of_hearts.png
  artifactKey: Guid(508d15bfdfd40754abf56a5ce40e9939) Importer(815301076,1909f56bfc062723c751e8b465ee728b)
Start importing Assets/Card/PNG-cards-1.3/3_of_hearts.png using Guid(508d15bfdfd40754abf56a5ce40e9939) Importer(815301076,1909f56bfc062723c751e8b465ee728b)  -> (artifact id: 'bc0b19691ea7e080078630b8c7a97a11') in 0.038550 seconds 
Editor requested this worker to shutdown with reason: Scaling down because of idle timeout
AssetImportWorker is now disconnected from the server
Process exiting
Exiting without the bug reporter. Application will terminate with return code 0